# JRE version: Java(TM) SE Runtime Environment (8.0_181-b13) (build 1.8.0_181-b13)
# Java VM: Java HotSpot(TM) 64-Bit Server VM (25.181-b13 mixed mode windows-amd64 compressed oops)
Heap:
 garbage-first heap   total 653312K, used 46896K [0x00000000c0000000, 0x00000000c01013f0, 0x0000000100000000)
  region size 1024K, 4 young (4096K), 4 survivors (4096K)
 Metaspace       used 41280K, capacity 43474K, committed 43856K, reserved 1087488K
  class space    used 4462K, capacity 5158K, committed 5200K, reserved 1048576K
GC Heap History (10 events):
Event: 6863.381 GC heap after
Heap after GC invocations=28 (full 0):
 garbage-first heap   total 68608K, used 38365K [0x00000000c0000000, 0x00000000c0100218, 0x0000000100000000)
  region size 1024K, 1 young (1024K), 1 survivors (1024K)
 Metaspace       used 41361K, capacity 43628K, committed 43856K, reserved 1087488K
  class space    used 4477K, capacity 5187K, committed 5200K, reserved 1048576K
}
Event: 6863.476 GC heap before
{Heap before GC invocations=28 (full 0):
 garbage-first heap   total 68608K, used 40413K [0x00000000c0000000, 0x00000000c0100218, 0x0000000100000000)
  region size 1024K, 3 young (3072K), 1 survivors (1024K)
 Metaspace       used 41366K, capacity 43628K, committed 43856K, reserved 1087488K
  class space    used 4477K, capacity 5187K, committed 5200K, reserved 1048576K
Event: 6863.633 GC heap after
Heap after GC invocations=29 (full 0):
 garbage-first heap   total 137216K, used 38812K [0x00000000c0000000, 0x00000000c0100430, 0x0000000100000000)
  region size 1024K, 1 young (1024K), 1 survivors (1024K)
 Metaspace       used 41366K, capacity 43628K, committed 43856K, reserved 1087488K
  class space    used 4477K, capacity 5187K, committed 5200K, reserved 1048576K
}
Event: 6864.121 GC heap before
{Heap before GC invocations=29 (full 0):
 garbage-first heap   total 137216K, used 43932K [0x00000000c0000000, 0x00000000c0100430, 0x0000000100000000)
  region size 1024K, 6 young (6144K), 1 survivors (1024K)
 Metaspace       used 41366K, capacity 43628K, committed 43856K, reserved 1087488K
  class space    used 4477K, capacity 5187K, committed 5200K, reserved 1048576K
Event: 6864.220 GC heap after
Heap after GC invocations=30 (full 0):
 garbage-first heap   total 274432K, used 39486K [0x00000000c0000000, 0x00000000c0100860, 0x0000000100000000)
  region size 1024K, 1 young (1024K), 1 survivors (1024K)
 Metaspace       used 41366K, capacity 43628K, committed 43856K, reserved 1087488K
  class space    used 4477K, capacity 5187K, committed 5200K, reserved 1048576K
}
Event: 6865.047 GC heap before
{Heap before GC invocations=30 (full 0):
 garbage-first heap   total 274432K, used 51774K [0x00000000c0000000, 0x00000000c0100860, 0x0000000100000000)
  region size 1024K, 13 young (13312K), 1 survivors (1024K)
 Metaspace       used 41370K, capacity 43628K, committed 43856K, reserved 1087488K
  class space    used 4477K, capacity 5187K, committed 5200K, reserved 1048576K
Event: 6865.181 GC heap after
Heap after GC invocations=31 (full 0):
 garbage-first heap   total 430080K, used 40820K [0x00000000c0000000, 0x00000000c0100d20, 0x0000000100000000)
  region size 1024K, 2 young (2048K), 2 survivors (2048K)
 Metaspace       used 41370K, capacity 43628K, committed 43856K, reserved 1087488K
  class space    used 4477K, capacity 5187K, committed 5200K, reserved 1048576K
}
Event: 6880.702 GC heap before
{Heap before GC invocations=32 (full 0):
 garbage-first heap   total 430080K, used 58228K [0x00000000c0000000, 0x00000000c0100d20, 0x0000000100000000)
  region size 1024K, 21 young (21504K), 2 survivors (2048K)
 Metaspace       used 41277K, capacity 43474K, committed 43856K, reserved 1087488K
  class space    used 4462K, capacity 5158K, committed 5200K, reserved 1048576K
Event: 6882.808 GC heap after
Heap after GC invocations=33 (full 0):
 garbage-first heap   total 553984K, used 41930K [0x00000000c0000000, 0x00000000c01010e8, 0x0000000100000000)
  region size 1024K, 3 young (3072K), 3 survivors (3072K)
 Metaspace       used 41277K, capacity 43474K, committed 43856K, reserved 1087488K
  class space    used 4462K, capacity 5158K, committed 5200K, reserved 1048576K
}
Event: 6887.668 GC heap before
{Heap before GC invocations=33 (full 0):
 garbage-first heap   total 553984K, used 66506K [0x00000000c0000000, 0x00000000c01010e8, 0x0000000100000000)
  region size 1024K, 27 young (27648K), 3 survivors (3072K)
 Metaspace       used 41280K, capacity 43474K, committed 43856K, reserved 1087488K
  class space    used 4462K, capacity 5158K, committed 5200K, reserved 1048576K

